This is pdfTeX, Version 3.14159265-2.6-1.40.16 (TeX Live 2015) (preloaded format=pdflatex 2015.6.29)  1 AUG 2015 17:17
entering extended mode
 restricted \write18 enabled.
 %&-line parsing enabled.
**\begin{Verbatim}[commandchars=\\\{\}]
(/usr/local/texlive/2015/texmf-dist/tex/latex/base/omscmr.fd
File: omscmr.fd 2014/09/29 v2.5h Standard LaTeX font definitions
)
LaTeX Font Info:    Font shape `OMS/cmr/m/n' in size <10> not available
(Font)              Font shape `OMS/cmsy/m/n' tried instead on input line 0.
Missing character: There is no ] in font nullfont!

*guesshook\PY{o}{[}application/gzip\PY{o}{]}\PY{o}{=}\PY{l+s+s1}{\PYZsq{}gzipho
ok\PYZsq{}}
Missing character: There is no g in font nullfont!
Missing character: There is no u in font nullfont!
Missing character: There is no e in font nullfont!
Missing character: There is no s in font nullfont!
Missing character: There is no s in font nullfont!
Missing character: There is no h in font nullfont!
Missing character: There is no o in font nullfont!
Missing character: There is no o in font nullfont!
Missing character: There is no k in font nullfont!
! Undefined control sequence.
<*> guesshook\PY
                {o}{[}application/gzip\PY{o}{]}\PY{o}{=}\PY{l+s+s1}{\PYZsq{}...

? guesshook\PY{o}{[}application/x\PYZhy{}xz\PY{o}{]}\PY{o}{=}\PY{l+s+s1}{\PYZsq
{}xzhook\PYZsq{}}
Type <return> to proceed, S to scroll future error messages,
R to run without stopping, Q to run quietly,
I to insert something, 
1 or ... or 9 to ignore the next 1 to 9 tokens of input,
H for help, X to quit.
? guesshook\PY{o}{[}application/x\PYZhy{}bzip2\PY{o}{]}\PY{o}{=}\PY{l+s+s1}{\PY
Zsq{}bzip2hook\PYZsq{}}
Type <return> to proceed, S to scroll future error messages,
R to run without stopping, Q to run quietly,
I to insert something, 
1 or ... or 9 to ignore the next 1 to 9 tokens of input,
H for help, X to quit.
? guesshook\PY{o}{[}text/plain\PY{o}{]}\PY{o}{=}\PY{l+s+s1}{\PYZsq{}texthook\PY
Zsq{}}
Type <return> to proceed, S to scroll future error messages,
R to run without stopping, Q to run quietly,
I to insert something, 
1 or ... or 9 to ignore the next 1 to 9 tokens of input,
H for help, X to quit.
? guesshook\PY{o}{[}inode/x\PYZhy{}empty\PY{o}{]}\PY{o}{=}\PY{l+s+s1}{\PYZsq{}e
mptyhook\PYZsq{}}
Type <return> to proceed, S to scroll future error messages,
R to run without stopping, Q to run quietly,
I to insert something, 
1 or ... or 9 to ignore the next 1 to 9 tokens of input,
H for help, X to quit.
? guesshook\PY{o}{[}text/x\PYZhy{}shellscript\PY{o}{]}\PY{o}{=}\PY{l+s+s1}{\PYZ
sq{}shellhook\PYZsq{}}
Type <return> to proceed, S to scroll future error messages,
R to run without stopping, Q to run quietly,
I to insert something, 
1 or ... or 9 to ignore the next 1 to 9 tokens of input,
H for help, X to quit.
? 
Missing character: There is no o in font nullfont!
Missing character: There is no [ in font nullfont!
Missing character: There is no a in font nullfont!
Missing character: There is no p in font nullfont!
Missing character: There is no p in font nullfont!
Missing character: There is no l in font nullfont!
Missing character: There is no i in font nullfont!
Missing character: There is no c in font nullfont!
Missing character: There is no a in font nullfont!
Missing character: There is no t in font nullfont!
Missing character: There is no i in font nullfont!
Missing character: There is no o in font nullfont!
Missing character: There is no n in font nullfont!
Missing character: There is no / in font nullfont!
Missing character: There is no g in font nullfont!
Missing character: There is no z in font nullfont!
Missing character: There is no i in font nullfont!
Missing character: There is no p in font nullfont!
! Undefined control sequence.
<*> guesshook\PY{o}{[}application/gzip\PY
                                         {o}{]}\PY{o}{=}\PY{l+s+s1}{\PYZsq{}...

? zmodload zsh/pcre
Type <return> to proceed, S to scroll future error messages,
R to run without stopping, Q to run quietly,
I to insert something, 
1 or ... or 9 to ignore the next 1 to 9 tokens of input,
H for help, X to quit.
? autoload \PYZhy{}U colors
Type <return> to proceed, S to scroll future error messages,
R to run without stopping, Q to run quietly,
I to insert something, 
1 or ... or 9 to ignore the next 1 to 9 tokens of input,
H for help, X to quit.
? colors
Type <return> to proceed, S to scroll future error messages,
R to run without stopping, Q to run quietly,
I to insert something, 
1 or ... or 9 to ignore the next 1 to 9 tokens of input,
H for help, X to quit.
? 
Missing character: There is no o in font nullfont!
Missing character: There is no ] in font nullfont!
! Undefined control sequence.
<*> guesshook\PY{o}{[}application/gzip\PY{o}{]}\PY
                                                  {o}{=}\PY{l+s+s1}{\PYZsq{}...

? \PY{k}{function} ok\PYZus{}message\PY{o}{(}\PY{o}{)}\PY{o}{\PYZob{}}
Type <return> to proceed, S to scroll future error messages,
R to run without stopping, Q to run quietly,
I to insert something, 
1 or ... or 9 to ignore the next 1 to 9 tokens of input,
H for help, X to quit.
?  \PY{n+nv}{msg}\PY{o}{=}\PY{l+s+s2}{\PYZdq{}}\PY{n+nv}{\PYZdl{}1}\PY{l+s+s2}{
\PYZdq{}}
Type <return> to proceed, S to scroll future error messages,
R to run without stopping, Q to run quietly,
I to insert something, 
1 or ... or 9 to ignore the next 1 to 9 tokens of input,
H for help, X to quit.
?  \PY{n+nb}{echo} \PY{l+s+s2}{\PYZdq{}}\PY{l+s+si}{\PYZdl{}\PYZob{}}\PY{n+nv}{
fg\PYZus{}bold}\PY{p}{[cyan]}\PY{l+s+si}{\PYZcb{}}\PY{n+nv}{\PYZdl{}msg}\PY{l+s
+si}{\PYZdl{}\PYZob{}}\PY{n+nv}{reset\PYZus{}color}\PY{l+s+si}{\PYZcb{}}\PY{l+s
+s2}{\PYZbs{}n}\PY{l+s+s2}{\PYZdq{}}
Type <return> to proceed, S to scroll future error messages,
R to run without stopping, Q to run quietly,
I to insert something, 
1 or ... or 9 to ignore the next 1 to 9 tokens of input,
H for help, X to quit.
? 
Missing character: There is no o in font nullfont!
Missing character: There is no = in font nullfont!
! Undefined control sequence.
<*> ...{o}{[}application/gzip\PY{o}{]}\PY{o}{=}\PY
                                                  {l+s+s1}{\PYZsq{}gziphook\...

? \PY{o}{\PYZcb{}}
Type <return> to proceed, S to scroll future error messages,
R to run without stopping, Q to run quietly,
I to insert something, 
1 or ... or 9 to ignore the next 1 to 9 tokens of input,
H for help, X to quit.
? \PY{k}{function} error\PYZus{}detected\PY{o}{(}\PY{o}{)}\PY{o}{\PYZob{}}
Type <return> to proceed, S to scroll future error messages,
R to run without stopping, Q to run quietly,
I to insert something, 
1 or ... or 9 to ignore the next 1 to 9 tokens of input,
H for help, X to quit.
?     \PY{n+nv}{fn}\PY{o}{=}\PY{l+s+s2}{\PYZdq{}}\PY{n+nv}{\PYZdl{}1}\PY{l+s+s2
}{\PYZdq{}}
Type <return> to proceed, S to scroll future error messages,
R to run without stopping, Q to run quietly,
I to insert something, 
1 or ... or 9 to ignore the next 1 to 9 tokens of input,
H for help, X to quit.
?     \PY{n+nv}{msg}\PY{o}{=}\PY{l+s+s2}{\PYZdq{}}\PY{n+nv}{\PYZdl{}2}\PY{l+s+s
2}{\PYZdq{}}
Type <return> to proceed, S to scroll future error messages,
R to run without stopping, Q to run quietly,
I to insert something, 
1 or ... or 9 to ignore the next 1 to 9 tokens of input,
H for help, X to quit.
?     \PY{n+nb}{echo} \PY{l+s+s2}{\PYZdq{}}\PY{l+s+si}{\PYZdl{}\PYZob{}}\PY{n+n
v}{fg\PYZus{}bold}\PY{p}{[red]}\PY{l+s+si}{\PYZcb{}}\PY{l+s+s2}{Error viewing }
\PY{n+nv}{\PYZdl{}fn}\PY{l+s+s2}{: }\PY{n+nv}{\PYZdl{}msg}\PY{l+s+si}{\PYZdl{}\
PYZob{}}\PY{n+nv}{reset\PYZus{}color}\PY{l+s+si}{\PYZcb{}}\PY{l+s+s2}{\PYZbs{}n
}\PY{l+s+s2}{\PYZdq{}}
Type <return> to proceed, S to scroll future error messages,
R to run without stopping, Q to run quietly,
I to insert something, 
1 or ... or 9 to ignore the next 1 to 9 tokens of input,
H for help, X to quit.
?     \PY{n+nb}{exit }1
Type <return> to proceed, S to scroll future error messages,
R to run without stopping, Q to run quietly,
I to insert something, 
1 or ... or 9 to ignore the next 1 to 9 tokens of input,
H for help, X to quit.
? \PY{o}{\PYZcb{}}
Type <return> to proceed, S to scroll future error messages,
R to run without stopping, Q to run quietly,
I to insert something, 
1 or ... or 9 to ignore the next 1 to 9 tokens of input,
H for help, X to quit.
? \PY{k}{function} emptyhook\PY{o}{(}\PY{o}{)}\PY{o}{\PYZob{}}
Type <return> to proceed, S to scroll future error messages,
R to run without stopping, Q to run quietly,
I to insert something, 
1 or ... or 9 to ignore the next 1 to 9 tokens of input,
H for help, X to quit.
?     error\PYZus{}detected \PY{l+s+s2}{\PYZdq{}}\PY{n+nv}{\PYZdl{}1}\PY{l+s+s2
}{\PYZdq{}} \PY{l+s+s2}{\PYZdq{}file is empty.\PYZdq{}}
Type <return> to proceed, S to scroll future error messages,
R to run without stopping, Q to run quietly,
I to insert something, 
1 or ... or 9 to ignore the next 1 to 9 tokens of input,
H for help, X to quit.
? \PY{o}{\PYZcb{}}
Type <return> to proceed, S to scroll future error messages,
R to run without stopping, Q to run quietly,
I to insert something, 
1 or ... or 9 to ignore the next 1 to 9 tokens of input,
H for help, X to quit.
? \PY{k}{function} texthook\PY{o}{(}\PY{o}{)}\PY{o}{\PYZob{}}
Type <return> to proceed, S to scroll future error messages,
R to run without stopping, Q to run quietly,
I to insert something, 
1 or ... or 9 to ignore the next 1 to 9 tokens of input,
H for help, X to quit.
?     \PY{n+nv}{fn}\PY{o}{=}\PY{l+s+s2}{\PYZdq{}}\PY{n+nv}{\PYZdl{}1}\PY{l+s+s2
}{\PYZdq{}}
Type <return> to proceed, S to scroll future error messages,
R to run without stopping, Q to run quietly,
I to insert something, 
1 or ... or 9 to ignore the next 1 to 9 tokens of input,
H for help, X to quit.
?     \PY{n+nv}{mime}\PY{o}{=}\PY{l+s+s2}{\PYZdq{}}\PY{n+nv}{\PYZdl{}2}\PY{l+s+
s2}{\PYZdq{}}
Type <return> to proceed, S to scroll future error messages,
R to run without stopping, Q to run quietly,
I to insert something, 
1 or ... or 9 to ignore the next 1 to 9 tokens of input,
H for help, X to quit.
?     ok\PYZus{}message \PY{l+s+s2}{\PYZdq{}}\PY{n+nv}{\PYZdl{}fn}\PY{l+s+s2}{:
 text file detected.\PYZbs{}nopening..}\PY{l+s+s2}{\PYZdq{}}
Type <return> to proceed, S to scroll future error messages,
R to run without stopping, Q to run quietly,
I to insert something, 
1 or ... or 9 to ignore the next 1 to 9 tokens of input,
H for help, X to quit.
?     less \PY{l+s+s2}{\PYZdq{}}\PY{n+nv}{\PYZdl{}1}\PY{l+s+s2}{\PYZdq{}}
Type <return> to proceed, S to scroll future error messages,
R to run without stopping, Q to run quietly,
I to insert something, 
1 or ... or 9 to ignore the next 1 to 9 tokens of input,
H for help, X to quit.
? \PY{o}{\PYZcb{}}
Type <return> to proceed, S to scroll future error messages,
R to run without stopping, Q to run quietly,
I to insert something, 
1 or ... or 9 to ignore the next 1 to 9 tokens of input,
H for help, X to quit.
? \PY{k}{function} bzip2hook\PY{o}{(}\PY{o}{)}\PY{o}{\PYZob{}}
Type <return> to proceed, S to scroll future error messages,
R to run without stopping, Q to run quietly,
I to insert something, 
1 or ... or 9 to ignore the next 1 to 9 tokens of input,
H for help, X to quit.
?     \PY{n+nv}{fn}\PY{o}{=}\PY{l+s+s2}{\PYZdq{}}\PY{n+nv}{\PYZdl{}1}\PY{l+s+s2
}{\PYZdq{}}
Type <return> to proceed, S to scroll future error messages,
R to run without stopping, Q to run quietly,
I to insert something, 
1 or ... or 9 to ignore the next 1 to 9 tokens of input,
H for help, X to quit.
?     \PY{n+nv}{mime}\PY{o}{=}\PY{l+s+s2}{\PYZdq{}}\PY{n+nv}{\PYZdl{}2}\PY{l+s+
s2}{\PYZdq{}}
Type <return> to proceed, S to scroll future error messages,
R to run without stopping, Q to run quietly,
I to insert something, 
1 or ... or 9 to ignore the next 1 to 9 tokens of input,
H for help, X to quit.
?     ok\PYZus{}message \PY{l+s+s2}{\PYZdq{}}\PY{n+nv}{\PYZdl{}fn}\PY{l+s+s2}{:
 bzip2 file detected.\PYZbs{}nopening..}\PY{l+s+s2}{\PYZdq{}}
Type <return> to proceed, S to scroll future error messages,
R to run without stopping, Q to run quietly,
I to insert something, 
1 or ... or 9 to ignore the next 1 to 9 tokens of input,
H for help, X to quit.
?     \PY{n+nv}{count}\PY{o}{=}\PY{k}{\PYZdl{}(}bzcat \PY{l+s+s2}{\PYZdq{}}\PY{
n+nv}{\PYZdl{}fn}\PY{l+s+s2}{\PYZdq{}} \PY{p}{|} head \PYZhy{}n\PY{n+nv}{\PYZdl
{}MAXSIZE} \PY{p}{|} wc \PYZhy{}c\PY{k}{)}
Type <return> to proceed, S to scroll future error messages,
R to run without stopping, Q to run quietly,
I to insert something, 
1 or ... or 9 to ignore the next 1 to 9 tokens of input,
H for help, X to quit.
?     \PY{k}{if} \PY{o}{(}\PY{o}{(} count \PYZgt{} MAXSIZE \PY{o}{)}\PY{o}{)}\P
Y{p}{;} \PY{k}{then}
Type <return> to proceed, S to scroll future error messages,
R to run without stopping, Q to run quietly,
I to insert something, 
1 or ... or 9 to ignore the next 1 to 9 tokens of input,
H for help, X to quit.
? 		error\PYZus{}detected \PY{l+s+s2}{\PYZdq{}}\PY{n+nv}{\PYZdl{}fn}\PY{l+s+s2}
{\PYZdq{}} \PY{l+s+s2}{\PYZdq{}File too big, won\PYZsq{}t open it\PYZdq{}}\PY{p
}{;}
Type <return> to proceed, S to scroll future error messages,
R to run without stopping, Q to run quietly,
I to insert something, 
1 or ... or 9 to ignore the next 1 to 9 tokens of input,
H for help, X to quit.
?     \PY{k}{fi}
Type <return> to proceed, S to scroll future error messages,
R to run without stopping, Q to run quietly,
I to insert something, 
1 or ... or 9 to ignore the next 1 to 9 tokens of input,
H for help, X to quit.
? 
Missing character: There is no l in font nullfont!
Missing character: There is no + in font nullfont!
Missing character: There is no s in font nullfont!
Missing character: There is no + in font nullfont!
Missing character: There is no s in font nullfont!
Missing character: There is no 1 in font nullfont!
! Undefined control sequence.
<*> ...on/gzip\PY{o}{]}\PY{o}{=}\PY{l+s+s1}{\PYZsq
                                                  {}gziphook\PYZsq{}}
?     \PY{n+nv}{tf}\PY{o}{=}\PY{k}{\PYZdl{}(}mktemp\PY{k}{)}
Type <return> to proceed, S to scroll future error messages,
R to run without stopping, Q to run quietly,
I to insert something, 
1 or ... or 9 to ignore the next 1 to 9 tokens of input,
H for help, X to quit.
?     bzcat \PY{l+s+s2}{\PYZdq{}}\PY{n+nv}{\PYZdl{}fn}\PY{l+s+s2}{\PYZdq{}} \PY
Zgt{} \PY{l+s+s2}{\PYZdq{}}\PY{n+nv}{\PYZdl{}tf}\PY{l+s+s2}{\PYZdq{}}
Type <return> to proceed, S to scroll future error messages,
R to run without stopping, Q to run quietly,
I to insert something, 
1 or ... or 9 to ignore the next 1 to 9 tokens of input,
H for help, X to quit.
?     view \PY{l+s+s2}{\PYZdq{}}\PY{n+nv}{\PYZdl{}tf}\PY{l+s+s2}{\PYZdq{}}
Type <return> to proceed, S to scroll future error messages,
R to run without stopping, Q to run quietly,
I to insert something, 
1 or ... or 9 to ignore the next 1 to 9 tokens of input,
H for help, X to quit.
? \PY{o}{\PYZcb{}}
Type <return> to proceed, S to scroll future error messages,
R to run without stopping, Q to run quietly,
I to insert something, 
1 or ... or 9 to ignore the next 1 to 9 tokens of input,
H for help, X to quit.
? \PY{k}{function} shellhook\PY{o}{(}\PY{o}{)}\PY{o}{\PYZob{}}
Type <return> to proceed, S to scroll future error messages,
R to run without stopping, Q to run quietly,
I to insert something, 
1 or ... or 9 to ignore the next 1 to 9 tokens of input,
H for help, X to quit.
?     \PY{n+nv}{fn}\PY{o}{=}\PY{l+s+s2}{\PYZdq{}}\PY{n+nv}{\PYZdl{}1}\PY{l+s+s2
}{\PYZdq{}}
Type <return> to proceed, S to scroll future error messages,
R to run without stopping, Q to run quietly,
I to insert something, 
1 or ... or 9 to ignore the next 1 to 9 tokens of input,
H for help, X to quit.
?     ok\PYZus{}message \PY{l+s+s2}{\PYZdq{}}\PY{n+nv}{\PYZdl{}fn}\PY{l+s+s2}{:
 shell script detected\PYZbs{}nopening..}\PY{l+s+s2}{\PYZdq{}}
Type <return> to proceed, S to scroll future error messages,
R to run without stopping, Q to run quietly,
I to insert something, 
1 or ... or 9 to ignore the next 1 to 9 tokens of input,
H for help, X to quit.
?     pygmentize \PYZhy{}lsh \PY{l+s+s2}{\PYZdq{}}\PY{n+nv}{\PYZdl{}fn}\PY{l+s+
s2}{\PYZdq{}}\PY{p}{|} less \PYZhy{}r
Type <return> to proceed, S to scroll future error messages,
R to run without stopping, Q to run quietly,
I to insert something, 
1 or ... or 9 to ignore the next 1 to 9 tokens of input,
H for help, X to quit.
? \PY{o}{\PYZcb{}}
Type <return> to proceed, S to scroll future error messages,
R to run without stopping, Q to run quietly,
I to insert something, 
1 or ... or 9 to ignore the next 1 to 9 tokens of input,
H for help, X to quit.
? 
Missing character: There is no g in font nullfont!
Missing character: There is no z in font nullfont!
Missing character: There is no i in font nullfont!
Missing character: There is no p in font nullfont!
Missing character: There is no h in font nullfont!
Missing character: There is no o in font nullfont!
Missing character: There is no o in font nullfont!
Missing character: There is no k in font nullfont!
! Undefined control sequence.
<*> ...\PY{o}{=}\PY{l+s+s1}{\PYZsq{}gziphook\PYZsq
                                                  {}}
? 

*\PY{k}{function} xzhook\PY{o}{(}\PY{o}{)}\PY{o}{\PYZob{}}
! Undefined control sequence.
<*> \PY
       {k}{function} xzhook\PY{o}{(}\PY{o}{)}\PY{o}{\PYZob{}}
?     \PY{n+nv}{fn}\PY{o}{=}\PY{l+s+s2}{\PYZdq{}}\PY{n+nv}{\PYZdl{}1}\PY{l+s+s2
}{\PYZdq{}}
Type <return> to proceed, S to scroll future error messages,
R to run without stopping, Q to run quietly,
I to insert something, 
1 or ... or 9 to ignore the next 1 to 9 tokens of input,
H for help, X to quit.
?     \PY{n+nv}{mime}\PY{o}{=}\PY{l+s+s2}{\PYZdq{}}\PY{n+nv}{\PYZdl{}2}\PY{l+s+
s2}{\PYZdq{}}
Type <return> to proceed, S to scroll future error messages,
R to run without stopping, Q to run quietly,
I to insert something, 
1 or ... or 9 to ignore the next 1 to 9 tokens of input,
H for help, X to quit.
?     ok\PYZus{}message \PY{l+s+s2}{\PYZdq{}}\PY{n+nv}{\PYZdl{}fn}\PY{l+s+s2}{:
 xz file detected.\PYZbs{}nopening..}\PY{l+s+s2}{\PYZdq{}}
Type <return> to proceed, S to scroll future error messages,
R to run without stopping, Q to run quietly,
I to insert something, 
1 or ... or 9 to ignore the next 1 to 9 tokens of input,
H for help, X to quit.
?     \PY{n+nv}{count}\PY{o}{=}\PY{k}{\PYZdl{}(}xz \PYZhy{}\PYZhy{}list \PY{l+s
+s2}{\PYZdq{}}\PY{n+nv}{\PYZdl{}fn}\PY{l+s+s2}{\PYZdq{}} \PY{p}{|} wc \PYZhy{}l
\PY{k}{)}
Type <return> to proceed, S to scroll future error messages,
R to run without stopping, Q to run quietly,
I to insert something, 
1 or ... or 9 to ignore the next 1 to 9 tokens of input,
H for help, X to quit.
?     \PY{k}{if} \PY{o}{(}\PY{o}{(} count \PYZgt{} \PY{l+m}{2} \PY{o}{)}\PY{o}{
)}\PY{p}{;} \PY{k}{then}
Type <return> to proceed, S to scroll future error messages,
R to run without stopping, Q to run quietly,
I to insert something, 
1 or ... or 9 to ignore the next 1 to 9 tokens of input,
H for help, X to quit.
? 	error\PYZus{}detected \PY{l+s+s2}{\PYZdq{}}\PY{n+nv}{\PYZdl{}fn}\PY{l+s+s2}{
\PYZdq{}} \PY{l+s+s2}{\PYZdq{}I cannot open this file, there are multiple files
 in it.\PYZdq{}}
Type <return> to proceed, S to scroll future error messages,
R to run without stopping, Q to run quietly,
I to insert something, 
1 or ... or 9 to ignore the next 1 to 9 tokens of input,
H for help, X to quit.
?     \PY{k}{fi}
Type <return> to proceed, S to scroll future error messages,
R to run without stopping, Q to run quietly,
I to insert something, 
1 or ... or 9 to ignore the next 1 to 9 tokens of input,
H for help, X to quit.
?     xz \PYZhy{}\PYZhy{}list \PY{l+s+s2}{\PYZdq{}}\PY{n+nv}{\PYZdl{}fn}\PY{l+s
+s2}{\PYZdq{}} \PY{p}{|} tail \PYZhy{}n1 \PY{p}{|} awk \PY{l+s+s1}{\PYZsq{}\PYZ
ob{}print \PYZdl{}6\PYZcb{}\PYZsq{}} \PY{p}{|} \PY{k}{while} \PY{n+nb}{read }un
it\PY{p}{;} \PY{k}{do}
Type <return> to proceed, S to scroll future error messages,
R to run without stopping, Q to run quietly,
I to insert something, 
1 or ... or 9 to ignore the next 1 to 9 tokens of input,
H for help, X to quit.
? 	  \PY{k}{if} \PY{o}{[}\PY{o}{[} \PY{l+s+s2}{\PYZdq{}}\PY{n+nv}{\PYZdl{}unit}
\PY{l+s+s2}{\PYZdq{}} !\PY{o}{=} \PY{l+s+s2}{\PYZdq{}B\PYZdq{}} \PY{o}{]}\PY{o}
{]}\PY{p}{;} \PY{k}{then}
Type <return> to proceed, S to scroll future error messages,
R to run without stopping, Q to run quietly,
I to insert something, 
1 or ... or 9 to ignore the next 1 to 9 tokens of input,
H for help, X to quit.
? 		error\PYZus{}detected \PY{l+s+s2}{\PYZdq{}}\PY{n+nv}{\PYZdl{}fn}\PY{l+s+s2}
{\PYZdq{}} \PY{l+s+s2}{\PYZdq{}File too big, won\PYZsq{}t open it\PYZdq{}}\PY{p
}{;}
Type <return> to proceed, S to scroll future error messages,
R to run without stopping, Q to run quietly,
I to insert something, 
1 or ... or 9 to ignore the next 1 to 9 tokens of input,
H for help, X to quit.
? 	   \PY{k}{fi}
Type <return> to proceed, S to scroll future error messages,
R to run without stopping, Q to run quietly,
I to insert something, 
1 or ... or 9 to ignore the next 1 to 9 tokens of input,
H for help, X to quit.
?     \PY{k}{done}
Type <return> to proceed, S to scroll future error messages,
R to run without stopping, Q to run quietly,
I to insert something, 
1 or ... or 9 to ignore the next 1 to 9 tokens of input,
H for help, X to quit.
?     xz \PYZhy{}\PYZhy{}list \PY{l+s+s2}{\PYZdq{}}\PY{n+nv}{\PYZdl{}fn}\PY{l+s
+s2}{\PYZdq{}} \PY{p}{|} tail \PYZhy{}n1 \PY{p}{|} awk \PY{l+s+s1}{\PYZsq{}\PYZ
ob{}print \PYZdl{}5\PYZcb{}\PYZsq{}} \PY{p}{|} \PY{k}{while} \PY{n+nb}{read }si
ze\PY{p}{;} \PY{k}{do}
Type <return> to proceed, S to scroll future error messages,
R to run without stopping, Q to run quietly,
I to insert something, 
1 or ... or 9 to ignore the next 1 to 9 tokens of input,
H for help, X to quit.
? 	xz \PYZhy{}\PYZhy{}list \PY{l+s+s2}{\PYZdq{}}\PY{n+nv}{\PYZdl{}fn}\PY{l+s+s2
}{\PYZdq{}} \PY{p}{|} tail \PYZhy{}n1 \PY{p}{|} awk \PY{l+s+s1}{\PYZsq{}\PYZob{
}print \PYZdl{}6\PYZcb{}\PYZsq{}} \PY{p}{|} \PY{k}{while} \PY{n+nb}{read }unit\
PY{p}{;} \PY{k}{do}
Type <return> to proceed, S to scroll future error messages,
R to run without stopping, Q to run quietly,
I to insert something, 
1 or ... or 9 to ignore the next 1 to 9 tokens of input,
H for help, X to quit.
? 	    \PY{k}{case} \PY{l+s+s2}{\PYZdq{}}\PY{n+nv}{\PYZdl{}unit}\PY{l+s+s2}{\PY
Zdq{}} in
Type <return> to proceed, S to scroll future error messages,
R to run without stopping, Q to run quietly,
I to insert something, 
1 or ... or 9 to ignore the next 1 to 9 tokens of input,
H for help, X to quit.
? 		B\PY{o}{)}
Type <return> to proceed, S to scroll future error messages,
R to run without stopping, Q to run quietly,
I to insert something, 
1 or ... or 9 to ignore the next 1 to 9 tokens of input,
H for help, X to quit.
? 		\PY{p}{;}\PY{p}{;}
Type <return> to proceed, S to scroll future error messages,
R to run without stopping, Q to run quietly,
I to insert something, 
1 or ... or 9 to ignore the next 1 to 9 tokens of input,
H for help, X to quit.
? 		MiB\PY{o}{)}
Type <return> to proceed, S to scroll future error messages,
R to run without stopping, Q to run quietly,
I to insert something, 
1 or ... or 9 to ignore the next 1 to 9 tokens of input,
H for help, X to quit.
? 		    \PY{o}{(}\PY{o}{(} \PY{n+nv}{size} \PY{o}{=} size * \PY{l+m}{1000} \PY{
o}{)}\PY{o}{)}
Type <return> to proceed, S to scroll future error messages,
R to run without stopping, Q to run quietly,
I to insert something, 
1 or ... or 9 to ignore the next 1 to 9 tokens of input,
H for help, X to quit.
? 		    \PY{p}{;}\PY{p}{;}
Type <return> to proceed, S to scroll future error messages,
R to run without stopping, Q to run quietly,
I to insert something, 
1 or ... or 9 to ignore the next 1 to 9 tokens of input,
H for help, X to quit.
? 		*\PY{o}{)}
Type <return> to proceed, S to scroll future error messages,
R to run without stopping, Q to run quietly,
I to insert something, 
1 or ... or 9 to ignore the next 1 to 9 tokens of input,
H for help, X to quit.
? 		    error\PYZus{}detected \PY{l+s+s2}{\PYZdq{}}\PY{n+nv}{\PYZdl{}fn}\PY{l+s
+s2}{\PYZdq{}} \PY{l+s+s2}{\PYZdq{}File too big, won\PYZsq{}t open it\PYZdq{}}\
PY{p}{;}
Type <return> to proceed, S to scroll future error messages,
R to run without stopping, Q to run quietly,
I to insert something, 
1 or ... or 9 to ignore the next 1 to 9 tokens of input,
H for help, X to quit.
? 		    \PY{p}{;}\PY{p}{;}
Type <return> to proceed, S to scroll future error messages,
R to run without stopping, Q to run quietly,
I to insert something, 
1 or ... or 9 to ignore the next 1 to 9 tokens of input,
H for help, X to quit.
? 		\PY{k}{esac}
Type <return> to proceed, S to scroll future error messages,
R to run without stopping, Q to run quietly,
I to insert something, 
1 or ... or 9 to ignore the next 1 to 9 tokens of input,
H for help, X to quit.
? 
Missing character: There is no k in font nullfont!
Missing character: There is no f in font nullfont!
Missing character: There is no u in font nullfont!
Missing character: There is no n in font nullfont!
Missing character: There is no c in font nullfont!
Missing character: There is no t in font nullfont!
Missing character: There is no i in font nullfont!
Missing character: There is no o in font nullfont!
Missing character: There is no n in font nullfont!
Missing character: There is no x in font nullfont!
Missing character: There is no z in font nullfont!
Missing character: There is no h in font nullfont!
Missing character: There is no o in font nullfont!
Missing character: There is no o in font nullfont!
Missing character: There is no k in font nullfont!
! Undefined control sequence.
<*> \PY{k}{function} xzhook\PY
                              {o}{(}\PY{o}{)}\PY{o}{\PYZob{}}
? 
Missing character: There is no o in font nullfont!
Missing character: There is no ( in font nullfont!
! Undefined control sequence.
<*> \PY{k}{function} xzhook\PY{o}{(}\PY
                                       {o}{)}\PY{o}{\PYZob{}}
? 	    \PY{k}{if} \PY{o}{(}\PY{o}{(} size \PYZgt{} MAXSIZE \PY{o}{)}\PY{o}{)}\P
Y{p}{;} \PY{k}{then}
Type <return> to proceed, S to scroll future error messages,
R to run without stopping, Q to run quietly,
I to insert something, 
1 or ... or 9 to ignore the next 1 to 9 tokens of input,
H for help, X to quit.
? 		error\PYZus{}detected \PY{l+s+s2}{\PYZdq{}}\PY{n+nv}{\PYZdl{}fn}\PY{l+s+s2}
{\PYZdq{}} \PY{l+s+s2}{\PYZdq{}File too big, won\PYZsq{}t open it\PYZdq{}}\PY{p
}{;}
Type <return> to proceed, S to scroll future error messages,
R to run without stopping, Q to run quietly,
I to insert something, 
1 or ... or 9 to ignore the next 1 to 9 tokens of input,
H for help, X to quit.
? 	    \PY{k}{fi}
Type <return> to proceed, S to scroll future error messages,
R to run without stopping, Q to run quietly,
I to insert something, 
1 or ... or 9 to ignore the next 1 to 9 tokens of input,
H for help, X to quit.
? 	    \PY{k}{done}
Type <return> to proceed, S to scroll future error messages,
R to run without stopping, Q to run quietly,
I to insert something, 
1 or ... or 9 to ignore the next 1 to 9 tokens of input,
H for help, X to quit.
?     \PY{k}{done}
Type <return> to proceed, S to scroll future error messages,
R to run without stopping, Q to run quietly,
I to insert something, 
1 or ... or 9 to ignore the next 1 to 9 tokens of input,
H for help, X to quit.
?     \PY{n+nv}{tf}\PY{o}{=}\PY{k}{\PYZdl{}(}mktemp\PY{k}{)}
Type <return> to proceed, S to scroll future error messages,
R to run without stopping, Q to run quietly,
I to insert something, 
1 or ... or 9 to ignore the next 1 to 9 tokens of input,
H for help, X to quit.
?     xzcat \PY{l+s+s2}{\PYZdq{}}\PY{n+nv}{\PYZdl{}fn}\PY{l+s+s2}{\PYZdq{}} \PY
Zgt{} \PY{l+s+s2}{\PYZdq{}}\PY{n+nv}{\PYZdl{}tf}\PY{l+s+s2}{\PYZdq{}}
Type <return> to proceed, S to scroll future error messages,
R to run without stopping, Q to run quietly,
I to insert something, 
1 or ... or 9 to ignore the next 1 to 9 tokens of input,
H for help, X to quit.
?     view \PY{l+s+s2}{\PYZdq{}}\PY{n+nv}{\PYZdl{}tf}\PY{l+s+s2}{\PYZdq{}}
Type <return> to proceed, S to scroll future error messages,
R to run without stopping, Q to run quietly,
I to insert something, 
1 or ... or 9 to ignore the next 1 to 9 tokens of input,
H for help, X to quit.
? \PY{o}{\PYZcb{}}
Type <return> to proceed, S to scroll future error messages,
R to run without stopping, Q to run quietly,
I to insert something, 
1 or ... or 9 to ignore the next 1 to 9 tokens of input,
H for help, X to quit.
? 
Missing character: There is no o in font nullfont!
Missing character: There is no ) in font nullfont!
! Undefined control sequence.
<*> \PY{k}{function} xzhook\PY{o}{(}\PY{o}{)}\PY
                                                {o}{\PYZob{}}
? \PY{k}{function} gziphook\PY{o}{(}\PY{o}{)}\PY{o}{\PYZob{}}
Type <return> to proceed, S to scroll future error messages,
R to run without stopping, Q to run quietly,
I to insert something, 
1 or ... or 9 to ignore the next 1 to 9 tokens of input,
H for help, X to quit.
?     \PY{n+nv}{fn}\PY{o}{=}\PY{l+s+s2}{\PYZdq{}}\PY{n+nv}{\PYZdl{}1}\PY{l+s+s2
}{\PYZdq{}}
Type <return> to proceed, S to scroll future error messages,
R to run without stopping, Q to run quietly,
I to insert something, 
1 or ... or 9 to ignore the next 1 to 9 tokens of input,
H for help, X to quit.
?     \PY{n+nv}{mime}\PY{o}{=}\PY{l+s+s2}{\PYZdq{}}\PY{n+nv}{\PYZdl{}2}\PY{l+s+
s2}{\PYZdq{}}
Type <return> to proceed, S to scroll future error messages,
R to run without stopping, Q to run quietly,
I to insert something, 
1 or ... or 9 to ignore the next 1 to 9 tokens of input,
H for help, X to quit.
?     ok\PYZus{}message \PY{l+s+s2}{\PYZdq{}}\PY{n+nv}{\PYZdl{}fn}\PY{l+s+s2}{:
 gzip file detected.\PYZbs{}nopening..}\PY{l+s+s2}{\PYZdq{}}
Type <return> to proceed, S to scroll future error messages,
R to run without stopping, Q to run quietly,
I to insert something, 
1 or ... or 9 to ignore the next 1 to 9 tokens of input,
H for help, X to quit.
?     \PY{n+nv}{count}\PY{o}{=}\PY{k}{\PYZdl{}(}gzip \PYZhy{}\PYZhy{}list \PY{l
+s+s2}{\PYZdq{}}\PY{n+nv}{\PYZdl{}fn}\PY{l+s+s2}{\PYZdq{}} \PY{p}{|} wc \PYZhy{
}l\PY{k}{)}
Type <return> to proceed, S to scroll future error messages,
R to run without stopping, Q to run quietly,
I to insert something, 
1 or ... or 9 to ignore the next 1 to 9 tokens of input,
H for help, X to quit.
?     \PY{k}{if} \PY{o}{(}\PY{o}{(} count \PYZgt{} \PY{l+m}{2} \PY{o}{)}\PY{o}{
)}\PY{p}{;} \PY{k}{then}
Type <return> to proceed, S to scroll future error messages,
R to run without stopping, Q to run quietly,
I to insert something, 
1 or ... or 9 to ignore the next 1 to 9 tokens of input,
H for help, X to quit.
? 	error\PYZus{}detected \PY{l+s+s2}{\PYZdq{}}\PY{n+nv}{\PYZdl{}fn}\PY{l+s+s2}{
\PYZdq{}} \PY{l+s+s2}{\PYZdq{}I cannot open this file, there are multiple files
 in it.\PYZdq{}}
Type <return> to proceed, S to scroll future error messages,
R to run without stopping, Q to run quietly,
I to insert something, 
1 or ... or 9 to ignore the next 1 to 9 tokens of input,
H for help, X to quit.
?     \PY{k}{fi}
Type <return> to proceed, S to scroll future error messages,
R to run without stopping, Q to run quietly,
I to insert something, 
1 or ... or 9 to ignore the next 1 to 9 tokens of input,
H for help, X to quit.
?     gzip \PYZhy{}\PYZhy{}list \PY{l+s+s2}{\PYZdq{}}\PY{n+nv}{\PYZdl{}fn}\PY{l
+s+s2}{\PYZdq{}} \PY{p}{|} tail \PYZhy{}n1 \PY{p}{|} awk \PY{l+s+s1}{\PYZsq{}\P
YZob{}print \PYZdl{}2\PYZcb{}\PYZsq{}} \PY{p}{|} \PY{k}{while} \PY{n+nb}{read }
size\PY{p}{;} \PY{k}{do}
Type <return> to proceed, S to scroll future error messages,
R to run without stopping, Q to run quietly,
I to insert something, 
1 or ... or 9 to ignore the next 1 to 9 tokens of input,
H for help, X to quit.
? 
Missing character: There is no o in font nullfont!
! Undefined control sequence.
<*> ...tion} xzhook\PY{o}{(}\PY{o}{)}\PY{o}{\PYZob
                                                  {}}
? 	\PY{k}{if} \PY{o}{(}\PY{o}{(} size \PYZgt{} MAXSIZE \PY{o}{)}\PY{o}{)}\PY{p}
{;} \PY{k}{then}
Type <return> to proceed, S to scroll future error messages,
R to run without stopping, Q to run quietly,
I to insert something, 
1 or ... or 9 to ignore the next 1 to 9 tokens of input,
H for help, X to quit.
? 	    error\PYZus{}detected\PY{o}{(}\PY{l+s+s2}{\PYZdq{}File too big, won\PYZs
q{}t open it\PYZdq{}}\PY{o}{)}\PY{p}{;}
Type <return> to proceed, S to scroll future error messages,
R to run without stopping, Q to run quietly,
I to insert something, 
1 or ... or 9 to ignore the next 1 to 9 tokens of input,
H for help, X to quit.
? 	\PY{k}{fi}
Type <return> to proceed, S to scroll future error messages,
R to run without stopping, Q to run quietly,
I to insert something, 
1 or ... or 9 to ignore the next 1 to 9 tokens of input,
H for help, X to quit.
? 

*    \PY{k}{done}
! Undefined control sequence.
<*>     \PY
           {k}{done}
?     \PY{n+nv}{tf}\PY{o}{=}\PY{k}{\PYZdl{}(}mktemp\PY{k}{)}
Type <return> to proceed, S to scroll future error messages,
R to run without stopping, Q to run quietly,
I to insert something, 
1 or ... or 9 to ignore the next 1 to 9 tokens of input,
H for help, X to quit.
?     zcat \PY{l+s+s2}{\PYZdq{}}\PY{n+nv}{\PYZdl{}fn}\PY{l+s+s2}{\PYZdq{}} \PYZ
gt{} \PY{l+s+s2}{\PYZdq{}}\PY{n+nv}{\PYZdl{}tf}\PY{l+s+s2}{\PYZdq{}}
Type <return> to proceed, S to scroll future error messages,
R to run without stopping, Q to run quietly,
I to insert something, 
1 or ... or 9 to ignore the next 1 to 9 tokens of input,
H for help, X to quit.
?     view \PY{l+s+s2}{\PYZdq{}}\PY{n+nv}{\PYZdl{}tf}\PY{l+s+s2}{\PYZdq{}}
Type <return> to proceed, S to scroll future error messages,
R to run without stopping, Q to run quietly,
I to insert something, 
1 or ... or 9 to ignore the next 1 to 9 tokens of input,
H for help, X to quit.
? \PY{o}{\PYZcb{}}
Type <return> to proceed, S to scroll future error messages,
R to run without stopping, Q to run quietly,
I to insert something, 
1 or ... or 9 to ignore the next 1 to 9 tokens of input,
H for help, X to quit.
? 
Missing character: There is no k in font nullfont!
Missing character: There is no d in font nullfont!
Missing character: There is no o in font nullfont!
Missing character: There is no n in font nullfont!
Missing character: There is no e in font nullfont!

*\PY{k}{function} defaulthook\PY{o}{(}\PY{o}{)}\PY{o}{\PYZob{}}
! Undefined control sequence.
<*> \PY
       {k}{function} defaulthook\PY{o}{(}\PY{o}{)}\PY{o}{\PYZob{}}
?     \PY{n+nv}{fn}\PY{o}{=}\PY{l+s+s2}{\PYZdq{}}\PY{n+nv}{\PYZdl{}1}\PY{l+s+s2
}{\PYZdq{}}
Type <return> to proceed, S to scroll future error messages,
R to run without stopping, Q to run quietly,
I to insert something, 
1 or ... or 9 to ignore the next 1 to 9 tokens of input,
H for help, X to quit.
?     \PY{n+nv}{mime}\PY{o}{=}\PY{l+s+s2}{\PYZdq{}}\PY{n+nv}{\PYZdl{}2}\PY{l+s+
s2}{\PYZdq{}}
Type <return> to proceed, S to scroll future error messages,
R to run without stopping, Q to run quietly,
I to insert something, 
1 or ... or 9 to ignore the next 1 to 9 tokens of input,
H for help, X to quit.
?     error\PYZus{}detected \PY{l+s+s2}{\PYZdq{}}\PY{n+nv}{\PYZdl{}fn}\PY{l+s+s
2}{\PYZdq{}} \PY{l+s+s2}{\PYZdq{}}\PY{l+s+s2}{cannot determine suitable viewer.
\PYZbs{}nMime type }\PY{n+nv}{\PYZdl{}mime}\PY{l+s+s2}{ unknown.}\PY{l+s+s2}{\P
YZdq{}}\PY{p}{;}
Type <return> to proceed, S to scroll future error messages,
R to run without stopping, Q to run quietly,
I to insert something, 
1 or ... or 9 to ignore the next 1 to 9 tokens of input,
H for help, X to quit.
? \PY{o}{\PYZcb{}}
Type <return> to proceed, S to scroll future error messages,
R to run without stopping, Q to run quietly,
I to insert something, 
1 or ... or 9 to ignore the next 1 to 9 tokens of input,
H for help, X to quit.
? 
Missing character: There is no k in font nullfont!
Missing character: There is no f in font nullfont!
Missing character: There is no u in font nullfont!
Missing character: There is no n in font nullfont!
Missing character: There is no c in font nullfont!
Missing character: There is no t in font nullfont!
Missing character: There is no i in font nullfont!
Missing character: There is no o in font nullfont!
Missing character: There is no n in font nullfont!
Missing character: There is no d in font nullfont!
Missing character: There is no e in font nullfont!
Missing character: There is no f in font nullfont!
Missing character: There is no a in font nullfont!
Missing character: There is no u in font nullfont!
Missing character: There is no l in font nullfont!
Missing character: There is no t in font nullfont!
Missing character: There is no h in font nullfont!
Missing character: There is no o in font nullfont!
Missing character: There is no o in font nullfont!
Missing character: There is no k in font nullfont!
! Undefined control sequence.
<*> \PY{k}{function} defaulthook\PY
                                   {o}{(}\PY{o}{)}\PY{o}{\PYZob{}}
? \PY{k}{function} guess\PYZus{}type\PY{o}{(}\PY{o}{)}\PY{o}{\PYZob{}}
Type <return> to proceed, S to scroll future error messages,
R to run without stopping, Q to run quietly,
I to insert something, 
1 or ... or 9 to ignore the next 1 to 9 tokens of input,
H for help, X to quit.
?     \PY{n+nv}{fn}\PY{o}{=}\PY{l+s+s2}{\PYZdq{}}\PY{n+nv}{\PYZdl{}1}\PY{l+s+s2
}{\PYZdq{}}
Type <return> to proceed, S to scroll future error messages,
R to run without stopping, Q to run quietly,
I to insert something, 
1 or ... or 9 to ignore the next 1 to 9 tokens of input,
H for help, X to quit.
?     \PY{n+nv}{fs}\PY{o}{=}\PY{k}{\PYZdl{}(}du \PY{l+s+s2}{\PYZdq{}}\PY{n+nv}{
\PYZdl{}fn}\PY{l+s+s2}{\PYZdq{}} \PY{p}{|} awk \PY{l+s+s1}{\PYZsq{}\PYZob{}prin
t \PYZdl{}1\PYZcb{}\PYZsq{}}\PY{k}{)}
Type <return> to proceed, S to scroll future error messages,
R to run without stopping, Q to run quietly,
I to insert something, 
1 or ... or 9 to ignore the next 1 to 9 tokens of input,
H for help, X to quit.
?     \PY{k}{if} \PY{o}{(}\PY{o}{(} \PY{n+nv}{fs} \PY{o}{=}\PY{o}{=} \PY{l+m}{0
} \PY{o}{)}\PY{o}{)}\PY{p}{;} \PY{k}{then}
Type <return> to proceed, S to scroll future error messages,
R to run without stopping, Q to run quietly,
I to insert something, 
1 or ... or 9 to ignore the next 1 to 9 tokens of input,
H for help, X to quit.
? 	error\PYZus{}detected \PY{l+s+s2}{\PYZdq{}}\PY{n+nv}{\PYZdl{}fn}\PY{l+s+s2}{
\PYZdq{}} \PY{l+s+s2}{\PYZdq{}file is empty\PYZdq{}}
Type <return> to proceed, S to scroll future error messages,
R to run without stopping, Q to run quietly,
I to insert something, 
1 or ... or 9 to ignore the next 1 to 9 tokens of input,
H for help, X to quit.
?     \PY{k}{fi}
Type <return> to proceed, S to scroll future error messages,
R to run without stopping, Q to run quietly,
I to insert something, 
1 or ... or 9 to ignore the next 1 to 9 tokens of input,
H for help, X to quit.
?     \PY{o}{(}\PY{o}{(} \PY{n+nv}{GUESSER\PYZus{}LEVEL} \PY{o}{=} GUESSER\PYZu
s{}LEVEL + \PY{l+m}{1} \PY{o}{)}\PY{o}{)}
Type <return> to proceed, S to scroll future error messages,
R to run without stopping, Q to run quietly,
I to insert something, 
1 or ... or 9 to ignore the next 1 to 9 tokens of input,
H for help, X to quit.
?     \PY{k}{if} \PY{o}{(}\PY{o}{(} GUESSER\PYZus{}LEVEL \PYZgt{} \PY{l+m}{0} \
PY{o}{)}\PY{o}{)}\PY{p}{;} \PY{k}{then}
Type <return> to proceed, S to scroll future error messages,
R to run without stopping, Q to run quietly,
I to insert something, 
1 or ... or 9 to ignore the next 1 to 9 tokens of input,
H for help, X to quit.
? 	ok\PYZus{}message \PY{l+s+s2}{\PYZdq{}}\PY{l+s+s2}{Content is wrapped in }\P
Y{n+nv}{\PYZdl{}GUESSER\PYZus{}LEVEL}\PY{l+s+s2}{ layers}\PY{l+s+s2}{\PYZdq{}}
Type <return> to proceed, S to scroll future error messages,
R to run without stopping, Q to run quietly,
I to insert something, 
1 or ... or 9 to ignore the next 1 to 9 tokens of input,
H for help, X to quit.
?     \PY{k}{fi}
Type <return> to proceed, S to scroll future error messages,
R to run without stopping, Q to run quietly,
I to insert something, 
1 or ... or 9 to ignore the next 1 to 9 tokens of input,
H for help, X to quit.
?     file \PYZhy{}\PYZhy{}mime\PYZhy{}type \PYZhy{}k \PYZhy{}b \PY{l+s+s2}{\PY
Zdq{}}\PY{n+nv}{\PYZdl{}fn}\PY{l+s+s2}{\PYZdq{}} \PY{p}{|} \PY{k}{while} \PY{n+
nb}{read }mime\PY{p}{;} \PY{k}{do}
Type <return> to proceed, S to scroll future error messages,
R to run without stopping, Q to run quietly,
I to insert something, 
1 or ... or 9 to ignore the next 1 to 9 tokens of input,
H for help, X to quit.
? 		\PY{n+nv}{guesser}\PY{o}{=}\PY{l+s+s2}{\PYZdq{}}\PY{l+s+si}{\PYZdl{}\PYZob{
}}\PY{n+nv}{guesshook}\PY{p}{[}\PY{n+nv}{\PYZdl{}mime}\PY{p}{]\PYZhy{}defaultho
ok}\PY{l+s+si}{\PYZcb{}}\PY{l+s+s2}{\PYZdq{}}
Type <return> to proceed, S to scroll future error messages,
R to run without stopping, Q to run quietly,
I to insert something, 
1 or ... or 9 to ignore the next 1 to 9 tokens of input,
H for help, X to quit.
? 		\PY{n+nv}{\PYZdl{}guesser} \PY{l+s+s2}{\PYZdq{}}\PY{n+nv}{\PYZdl{}fn}\PY{l+
s+s2}{\PYZdq{}} \PY{l+s+s2}{\PYZdq{}}\PY{n+nv}{\PYZdl{}mime}\PY{l+s+s2}{\PYZdq{
}}
Type <return> to proceed, S to scroll future error messages,
R to run without stopping, Q to run quietly,
I to insert something, 
1 or ... or 9 to ignore the next 1 to 9 tokens of input,
H for help, X to quit.
?     \PY{k}{done}
Type <return> to proceed, S to scroll future error messages,
R to run without stopping, Q to run quietly,
I to insert something, 
1 or ... or 9 to ignore the next 1 to 9 tokens of input,
H for help, X to quit.
?     \PY{o}{(}\PY{o}{(} \PY{n+nv}{GUESSER\PYZus{}LEVEL} \PY{o}{=} GUESSER\PYZu
s{}LEVEL \PYZhy{} \PY{l+m}{1} \PY{o}{)}\PY{o}{)}
Type <return> to proceed, S to scroll future error messages,
R to run without stopping, Q to run quietly,
I to insert something, 
1 or ... or 9 to ignore the next 1 to 9 tokens of input,
H for help, X to quit.
? \PY{o}{\PYZcb{}}
Type <return> to proceed, S to scroll future error messages,
R to run without stopping, Q to run quietly,
I to insert something, 
1 or ... or 9 to ignore the next 1 to 9 tokens of input,
H for help, X to quit.
? 
Missing character: There is no o in font nullfont!
Missing character: There is no ( in font nullfont!
! Undefined control sequence.
<*> \PY{k}{function} defaulthook\PY{o}{(}\PY
                                            {o}{)}\PY{o}{\PYZob{}}
? guess\PYZus{}type \PY{l+s+s2}{\PYZdq{}}\PY{n+nv}{\PYZdl{}1}\PY{l+s+s2}{\PYZdq
{}}
Type <return> to proceed, S to scroll future error messages,
R to run without stopping, Q to run quietly,
I to insert something, 
1 or ... or 9 to ignore the next 1 to 9 tokens of input,
H for help, X to quit.
? \end{Verbatim}
Type <return> to proceed, S to scroll future error messages,
R to run without stopping, Q to run quietly,
I to insert something, 
1 or ... or 9 to ignore the next 1 to 9 tokens of input,
H for help, X to quit.
? 
! Emergency stop.
<*> \PY{k}{function} defaulthook\PY{o}{(}\PY
                                            {o}{)}\PY{o}{\PYZob{}}
End of file on the terminal!

 
Here is how much of TeX's memory you used:
 22 strings out of 493089
 424 string characters out of 6134848
 53199 words of memory out of 5000000
 3607 multiletter control sequences out of 15000+600000
 3640 words of font info for 14 fonts, out of 8000000 for 9000
 1141 hyphenation exceptions out of 8191
 17i,0n,15p,428b,94s stack positions out of 5000i,500n,10000p,200000b,80000s
!  ==> Fatal error occurred, no output PDF file produced!
